<?xml version="1.0" encoding="UTF-8"?>
<!-- Generated by org.testng.reporters.JUnitReportReporter -->
<testsuite hostname="EXIMR-IM-620" name="com.apple.iEvalHomePage.CreatNewProjectTest" tests="1" failures="0" timestamp="20 Jul 2018 05:34:31 GMT" time="9.943" errors="0">
  <testcase name="creatProjectWithDuplicateProjectName" time="9.943" classname="com.apple.iEvalHomePage.CreatNewProjectTest"/>
</testsuite> <!-- com.apple.iEvalHomePage.CreatNewProjectTest -->
