<?xml version="1.0" encoding="UTF-8"?>
<!-- Generated by org.testng.reporters.JUnitReportReporter -->
<testsuite skipped="0" hostname="DESKTOP-JM1SQAK" name="com.swag.smoke.AddToCart_Validation" tests="2" failures="0" timestamp="2021-12-25T18:47:47 IST" time="2.300" errors="0">
  <testcase name="appLogin" time="1.400" classname="com.swag.smoke.AddToCart_Validation"/>
  <system-out/>
  <testcase name="additemToCartAndVerify" time="0.900" classname="com.swag.smoke.AddToCart_Validation"/>
  <system-out/>
</testsuite> <!-- com.swag.smoke.AddToCart_Validation -->
