<?xml version="1.0" encoding="UTF-8"?>
<!-- Generated by org.testng.reporters.JUnitReportReporter -->
<testsuite skipped="0" hostname="DESKTOP-JM1SQAK" name="com.swag.smoke.DashBoard" tests="2" failures="0" timestamp="2021-12-25T18:41:47 IST" time="1.964" errors="0">
  <testcase name="appLogin" time="1.312" classname="com.swag.smoke.DashBoard"/>
  <system-out/>
  <testcase name="additemToCartAndVerify" time="0.652" classname="com.swag.smoke.DashBoard"/>
  <system-out/>
</testsuite> <!-- com.swag.smoke.DashBoard -->
